[22:42:41] ℹ️  Logger inicializálva: C:\Users\Bence\repo\ROK-Scripts\logs\farm_20251207_224241.log
[22:42:41] ✅ Logger inicializálva (file logging enabled)
============================================================
[22:42:41] ℹ️  Játék ablak inicializálás...
============================================================
[22:42:41] ✅ Játék ablak OK
============================================================
[22:42:41] ℹ️  Queue Manager inicializálás...
============================================================
[22:42:41] ℹ️  [Queue] [STARTUP CLEANUP] Queue törölve (3 régi task eltávolítva)
[22:42:41] ℹ️  Queue betöltve: 0 task
============================================================
[22:42:41] ℹ️  Timer Manager indítás...
============================================================
[22:42:41] ℹ️  [Timer] [STARTUP CLEANUP] Timerek törölve (2 régi timer eltávolítva)
[22:42:41] ℹ️  [Timer] Timer Manager elindult (10 sec tick)
[22:42:41] ℹ️  Aktív timer-ek: 0 db
============================================================
[22:42:41] ℹ️  Scheduler inicializálás...
============================================================
[22:42:41] ✅ Scheduler készen áll
============================================================
[22:42:41] ℹ️  Gathering Manager inicializálás...
============================================================
============================================================
[22:42:41] ℹ️  [Gathering] 🌾 COMMANDERS ELSŐ INDÍTÁSA
============================================================
[22:42:41] ℹ️  [Gathering] Commander #1 queue-ba helyezése...
[22:42:41] ℹ️  [Queue] Task hozzáadva: commander_1_start (gathering, status=pending)
[22:42:41] ✅ [Gathering] Commander #1 queue-ba téve (start)
[22:42:41] ℹ️  [Gathering] Commander #2 disabled, skip
[22:42:41] ℹ️  [Gathering] Commander #3 disabled, skip
[22:42:41] ℹ️  [Gathering] Commander #4 disabled, skip
[22:42:41] ℹ️  [Gathering] Commander #5 disabled, skip
------------------------------------------------------------
[22:42:41] ✅ [Gathering] 1 commander queue-ba téve, 4 disabled
============================================================
============================================================
[22:42:41] ℹ️  Training Manager indítás...
============================================================
============================================================
[22:42:41] ℹ️  [Training] Manager indítás...
============================================================
[22:42:41] ℹ️  [Training] Panel OCR indítása...
[22:42:41] ⏳ [Training] Várakozás 3.1 mp
[22:42:44] 🖱️  [Training] PANEL MEGNYITÁS → [45, 215]
[22:42:45] ✅ [Training] Panel megnyitva
[22:42:45] ℹ️  [Training] BARRACKS ellenőrzése...
[22:42:45] 📖 [Training] BARRACKS OCR → Region: (x:119, y:424, w:330, h:47)
[22:42:45] ℹ️  [Training] BARRACKS OCR nyers szöveg (kísérlet 1): 'JUN eG'
[22:42:46] ℹ️  [Training] BARRACKS OCR nyers szöveg (kísérlet 2): 'Completed'
[22:42:46] ✅ [Training] BARRACKS → COMPLETED
[22:42:46] ✅ [Training] BARRACKS: COMPLETED → restart (gather troops)
[22:42:46] ⏳ [Training] Várakozás 3.3 mp
[22:42:50] 🖱️  [Training] PANEL BEZÁRÁS → [497, 562]
[22:42:50] ✅ [Training] Panel bezárva
============================================================
[22:42:50] ℹ️  [Training] ⚔️  BARRACKS TRAINING INDÍTÁS
============================================================
[22:42:50] ⏳ [Training] Várakozás 3.1 mp
[22:42:53] 🖱️  [Training] TROOP GATHER kattintás → [755, 478]
[22:42:53] ✅ [Training] TROOP GATHER OK
[22:42:53] ⏳ [Training] Várakozás 4.1 mp
[22:42:57] 🖱️  [Training] BUILDING kattintás → [757, 483]
[22:42:57] ✅ [Training] BUILDING OK
[22:42:57] ⏳ [Training] Várakozás 3.4 mp
[22:43:01] 🖱️  [Training] BUTTON kattintás → [963, 700]
[22:43:01] ✅ [Training] BUTTON OK
[22:43:01] ⏳ [Training] Várakozás 4.7 mp
[22:43:05] 🖱️  [Training] TIER kattintás → [1068, 254]
[22:43:06] ✅ [Training] TIER OK
[22:43:06] ⏳ [Training] Várakozás 3.3 mp
[22:43:09] 🖱️  [Training] CONFIRM kattintás → [1478, 884]
[22:43:09] ✅ [Training] CONFIRM OK
[22:43:09] ⏳ [Training] Várakozás 3.4 mp
[22:43:12] 🎬 [Training] SPACE #1 lenyomása
[22:43:12] ✅ [Training] SPACE #1 OK
[22:43:12] ⏳ [Training] Várakozás 3.6 mp
[22:43:16] 🎬 [Training] SPACE #2 lenyomása
[22:43:16] ✅ [Training] SPACE #2 OK
[22:43:16] ⏳ [Training] Várakozás 4.9 mp
[22:43:21] 🖱️  [Training] PANEL MEGNYITÁS → [45, 215]
[22:43:21] ✅ [Training] Panel megnyitva
[22:43:21] ℹ️  [Training] BARRACKS OCR frissítése...
[22:43:21] 📖 [Training] BARRACKS OCR → Region: (x:119, y:424, w:330, h:47)
[22:43:23] ℹ️  [Training] BARRACKS OCR nyers szöveg (kísérlet 2): 'Training 02:04:48'
[22:43:23] ✅ [Training] BARRACKS → TIME: 02:04:48 (7488 sec)
[22:43:23] ℹ️  [Training] BARRACKS új idő: 02:04:48
[22:43:23] ℹ️  [Timer] Timer hozzáadva: training_barracks → 7488s múlva (2025-12-08 00:48:11)
[22:43:23] ⏳ [Training] Várakozás 4.6 mp
[22:43:27] 🖱️  [Training] PANEL BEZÁRÁS → [497, 562]
[22:43:28] ✅ [Training] Panel bezárva
============================================================
[22:43:28] ✅ [Training] BARRACKS training befejezve!
============================================================
[22:43:28] ⏳ [Training] Várakozás 5.9 mp
[22:43:33] 🖱️  [Training] PANEL ÚJRA MEGNYITÁS → [45, 215]
[22:43:34] ✅ [Training] Panel újra megnyitva
[22:43:34] ℹ️  [Training] ARCHERY ellenőrzése...
[22:43:34] 📖 [Training] ARCHERY OCR → Region: (x:112, y:532, w:336, h:34)
[22:43:35] ℹ️  [Training] ARCHERY OCR nyers szöveg (kísérlet 2): 'Idle'
[22:43:35] ✅ [Training] ARCHERY → IDLE (OCR: 'Idle')
[22:43:35] ℹ️  [Training] ARCHERY: IDLE → upgrade check
[22:43:35] ⏳ [Training] Várakozás 4.7 mp
[22:43:40] 🖱️  [Training] UPGRADE MENÜ megnyitás → [203, 211]
[22:43:40] 📖 [Training] ARCHERY upgrade check → Region 1
[22:43:41] ℹ️  [Training] Upgrade Region 1 OCR: 'ee'
[22:43:41] 📖 [Training] ARCHERY upgrade check → Region 2
[22:43:41] ℹ️  [Training] Upgrade Region 2 OCR: 'Lvl 12 Wall'
[22:43:41] ℹ️  [Training] ARCHERY NEM upgrading
[22:43:41] ⏳ [Training] Várakozás 2.1 mp
[22:43:44] 🖱️  [Training] UPGRADE MENÜ bezárás → [203, 211]
[22:43:44] ℹ️  [Training] ARCHERY: NEM upgrading → restart (skip gather)
[22:43:44] ⏳ [Training] Várakozás 3.7 mp
[22:43:47] 🖱️  [Training] PANEL BEZÁRÁS → [497, 562]
[22:43:48] ✅ [Training] Panel bezárva
============================================================
[22:43:48] ℹ️  [Training] ⚔️  ARCHERY TRAINING INDÍTÁS
[22:43:48] ℹ️  [Training] IDLE státusz → Gather troops KIHAGYVA
============================================================
[22:43:48] ℹ️  [Training] TROOP GATHER kihagyva (idle státusz)
[22:43:48] ⏳ [Training] Várakozás 2.4 mp
[22:43:50] 🖱️  [Training] BUILDING kattintás → [1001, 281]
[22:43:50] ✅ [Training] BUILDING OK
[22:43:50] ⏳ [Training] Várakozás 4.4 mp
[22:43:54] 🖱️  [Training] BUTTON kattintás → [1195, 517]
[22:43:55] ✅ [Training] BUTTON OK
[22:43:55] ⏳ [Training] Várakozás 5.9 mp
############################################################
[22:43:59] ⚠️  ⚠️  CTRL+C - Leállítás...
############################################################
[22:43:59] ℹ️  Connection Monitor leállítás...
[22:43:59] ℹ️  Timer Manager leállítás...
[22:43:59] ℹ️  [Timer] Timer Manager leállítva
[22:43:59] ℹ️  Training Manager leállítás...
[22:43:59] ℹ️  Alliance Manager leállítás...
[22:43:59] ℹ️  Anti-AFK Manager leállítás...
[22:43:59] ℹ️  Queue mentése...
[22:43:59] ℹ️  Timer-ek mentése...
[22:43:59] ℹ️  Logger bezárása...
