[22:19:32] ℹ️  Logger inicializálva: C:\Users\Bence\repo\ROK-Scripts\logs\farm_20251207_221932.log
[22:19:32] ✅ Logger inicializálva (file logging enabled)
============================================================
[22:19:32] ℹ️  Játék ablak inicializálás...
============================================================
[22:19:33] ✅ Játék ablak OK
============================================================
[22:19:33] ℹ️  Queue Manager inicializálás...
============================================================
[22:19:33] ℹ️  [Queue] [STARTUP CLEANUP] Queue üres, nincs teendő
[22:19:33] ℹ️  Queue betöltve: 0 task
============================================================
[22:19:33] ℹ️  Timer Manager indítás...
============================================================
[22:19:33] ℹ️  [Timer] [STARTUP CLEANUP] Timerek törölve (4 régi timer eltávolítva)
[22:19:33] ℹ️  [Timer] Timer Manager elindult (10 sec tick)
[22:19:33] ℹ️  Aktív timer-ek: 0 db
============================================================
[22:19:33] ℹ️  Scheduler inicializálás...
============================================================
[22:19:33] ✅ Scheduler készen áll
============================================================
[22:19:33] ℹ️  Gathering Manager inicializálás...
============================================================
============================================================
[22:19:33] ℹ️  [Gathering] 🌾 COMMANDERS ELSŐ INDÍTÁSA
============================================================
[22:19:33] ℹ️  [Gathering] Commander #1 queue-ba helyezése...
[22:19:33] ℹ️  [Queue] Task hozzáadva: commander_1_start (gathering, status=pending)
[22:19:33] ✅ [Gathering] Commander #1 queue-ba téve (start)
[22:19:33] ℹ️  [Gathering] Commander #2 disabled, skip
[22:19:33] ℹ️  [Gathering] Commander #3 disabled, skip
[22:19:33] ℹ️  [Gathering] Commander #4 disabled, skip
[22:19:33] ℹ️  [Gathering] Commander #5 disabled, skip
------------------------------------------------------------
[22:19:33] ✅ [Gathering] 1 commander queue-ba téve, 4 disabled
============================================================
============================================================
[22:19:33] ℹ️  Training Manager indítás...
============================================================
============================================================
[22:19:33] ℹ️  [Training] Manager indítás...
============================================================
[22:19:33] ℹ️  [Training] Panel OCR indítása...
[22:19:33] ⏳ [Training] Várakozás 4.2 mp
[22:19:37] 🖱️  [Training] PANEL MEGNYITÁS → [45, 215]
[22:19:37] ✅ [Training] Panel megnyitva
[22:19:37] ⏳ [Training] Várakozás 5.1 mp (panel betöltés)
############################################################
[22:19:42] ⚠️  ⚠️  CTRL+C - Leállítás...
############################################################
[22:19:42] ℹ️  Connection Monitor leállítás...
[22:19:42] ℹ️  Timer Manager leállítás...
[22:19:43] ℹ️  [Timer] Timer Manager leállítva
[22:19:43] ℹ️  Training Manager leállítás...
[22:19:43] ℹ️  Alliance Manager leállítás...
[22:19:43] ℹ️  Anti-AFK Manager leállítás...
[22:19:43] ℹ️  Queue mentése...
[22:19:43] ℹ️  Timer-ek mentése...
[22:19:43] ℹ️  Logger bezárása...
