[22:10:11] ℹ️  Logger inicializálva: C:\Users\Bence\repo\ROK-Scripts\logs\farm_20251209_221011.log
[22:10:11] ✅ Logger inicializálva (file logging enabled)
============================================================
[22:10:11] ℹ️  Játék ablak inicializálás...
============================================================
[22:10:11] ✅ Játék ablak OK
============================================================
[22:10:11] ℹ️  Queue Manager inicializálás...
============================================================
[22:10:11] ℹ️  [Queue] [STARTUP CLEANUP] Queue törölve (2 régi task eltávolítva)
[22:10:11] ℹ️  Queue betöltve: 0 task
============================================================
[22:10:12] ℹ️  Timer Manager indítás...
============================================================
[22:10:12] ℹ️  [Timer] [STARTUP CLEANUP] Timerek törölve (3 régi timer eltávolítva)
[22:10:12] ℹ️  [Timer] Timer Manager elindult (10 sec tick)
[22:10:12] ℹ️  Aktív timer-ek: 0 db
============================================================
[22:10:12] ℹ️  Scheduler inicializálás...
============================================================
[22:10:12] ✅ Scheduler készen áll
============================================================
[22:10:12] ℹ️  Gathering Manager inicializálás...
============================================================
============================================================
[22:10:12] ℹ️  [Gathering] 🌾 COMMANDERS ELSŐ INDÍTÁSA
============================================================
[22:10:12] ℹ️  [Gathering] Commander #1 queue-ba helyezése...
[22:10:12] ℹ️  [Queue] Task hozzáadva: commander_1_start (gathering, status=pending)
[22:10:12] ✅ [Gathering] Commander #1 queue-ba téve (start)
[22:10:12] ℹ️  [Gathering] Commander #2 disabled, skip
[22:10:12] ℹ️  [Gathering] Commander #3 disabled, skip
[22:10:12] ℹ️  [Gathering] Commander #4 disabled, skip
[22:10:12] ℹ️  [Gathering] Commander #5 disabled, skip
------------------------------------------------------------
[22:10:12] ✅ [Gathering] 1 commander queue-ba téve, 4 disabled
============================================================
============================================================
[22:10:12] ℹ️  Training Manager indítás...
============================================================
============================================================
[22:10:12] ℹ️  [Training] Manager indítás...
============================================================
[22:10:12] ℹ️  [Training] Panel OCR indítása...
[22:10:12] ⏳ [Training] Várakozás 2.7 mp
[22:10:14] 🖱️  [Training] PANEL MEGNYITÁS → [45, 215]
[22:10:14] ✅ [Training] Panel megnyitva
[22:10:14] ℹ️  [Training] BARRACKS ellenőrzése...
[22:10:14] 📖 [Training] BARRACKS OCR → Region: (x:119, y:424, w:330, h:47)
[22:10:15] ℹ️  [Training] BARRACKS OCR nyers szöveg (kísérlet 1/15): 'ay ye |‘'
[22:10:15] ✅ [Training] BARRACKS → COMPLETED (OCR: 'ay ye |‘')
[22:10:15] ✅ [Training] BARRACKS: COMPLETED → restart (gather troops)
[22:10:15] ⏳ [Training] Várakozás 3.3 mp
[22:10:18] 🖱️  [Training] PANEL BEZÁRÁS → [497, 562]
[22:10:18] ✅ [Training] Panel bezárva
============================================================
[22:10:18] ℹ️  [Training] ⚔️  BARRACKS TRAINING INDÍTÁS
============================================================
[22:10:18] ⏳ [Training] Várakozás 4.5 mp
[22:10:23] 🖱️  [Training] TROOP GATHER kattintás → [768, 501]
[22:10:23] ✅ [Training] TROOP GATHER OK
[22:10:23] ⏳ [Training] Várakozás 2.1 mp
[22:10:25] 🖱️  [Training] BUILDING kattintás → [749, 477]
[22:10:25] ✅ [Training] BUILDING OK
[22:10:25] ⏳ [Training] Várakozás 5.4 mp
[22:10:31] 🖱️  [Training] BUTTON kattintás → [963, 700]
[22:10:31] ✅ [Training] BUTTON OK
[22:10:31] ⏳ [Training] Várakozás 3.5 mp
[22:10:34] 🖱️  [Training] TIER kattintás → [1068, 254]
[22:10:34] ✅ [Training] TIER OK
[22:10:34] ⏳ [Training] Várakozás 2.7 mp
############################################################
[22:10:35] ⚠️  ⚠️  CTRL+C - Leállítás...
############################################################
[22:10:35] ℹ️  Connection Monitor leállítás...
[22:10:35] ℹ️  Timer Manager leállítás...
[22:10:36] ℹ️  [Timer] Timer Manager leállítva
[22:10:36] ℹ️  Training Manager leállítás...
[22:10:36] ℹ️  Alliance Manager leállítás...
[22:10:36] ℹ️  Anti-AFK Manager leállítás...
[22:10:36] ℹ️  Queue mentése...
[22:10:36] ℹ️  Timer-ek mentése...
[22:10:36] ℹ️  Logger bezárása...
