[21:52:56] ℹ️  Logger inicializálva: C:\Users\Bence\repo\ROK-Scripts\logs\farm_20251209_215256.log
[21:52:56] ✅ Logger inicializálva (file logging enabled)
============================================================
[21:52:56] ℹ️  Játék ablak inicializálás...
============================================================
[21:52:56] ✅ Játék ablak OK
============================================================
[21:52:56] ℹ️  Queue Manager inicializálás...
============================================================
[21:52:56] ℹ️  [Queue] [STARTUP CLEANUP] Queue törölve (3 régi task eltávolítva)
[21:52:56] ℹ️  Queue betöltve: 0 task
============================================================
[21:52:56] ℹ️  Timer Manager indítás...
============================================================
[21:52:56] ℹ️  [Timer] [STARTUP CLEANUP] Nincs régi timer, tiszta slate
[21:52:56] ℹ️  [Timer] Timer Manager elindult (10 sec tick)
[21:52:56] ℹ️  Aktív timer-ek: 0 db
============================================================
[21:52:56] ℹ️  Scheduler inicializálás...
============================================================
[21:52:56] ✅ Scheduler készen áll
============================================================
[21:52:56] ℹ️  Gathering Manager inicializálás...
============================================================
============================================================
[21:52:56] ℹ️  [Gathering] 🌾 COMMANDERS ELSŐ INDÍTÁSA
============================================================
[21:52:56] ℹ️  [Gathering] Commander #1 queue-ba helyezése...
[21:52:56] ℹ️  [Queue] Task hozzáadva: commander_1_start (gathering, status=pending)
[21:52:56] ✅ [Gathering] Commander #1 queue-ba téve (start)
[21:52:56] ℹ️  [Gathering] Commander #2 disabled, skip
[21:52:56] ℹ️  [Gathering] Commander #3 disabled, skip
[21:52:56] ℹ️  [Gathering] Commander #4 disabled, skip
[21:52:56] ℹ️  [Gathering] Commander #5 disabled, skip
------------------------------------------------------------
[21:52:56] ✅ [Gathering] 1 commander queue-ba téve, 4 disabled
============================================================
============================================================
[21:52:56] ℹ️  Training Manager indítás...
============================================================
============================================================
[21:52:56] ℹ️  [Training] Manager indítás...
============================================================
[21:52:56] ℹ️  [Training] Panel OCR indítása...
[21:52:56] ⏳ [Training] Várakozás 4.1 mp
[21:53:00] 🖱️  [Training] PANEL MEGNYITÁS → [45, 215]
[21:53:00] ✅ [Training] Panel megnyitva
[21:53:00] ℹ️  [Training] BARRACKS ellenőrzése...
[21:53:00] 📖 [Training] BARRACKS OCR → Region: (x:119, y:424, w:330, h:47)
[21:53:03] ℹ️  [Training] BARRACKS OCR nyers szöveg (kísérlet 1): 'ah, Sy OY'
[21:53:03] ✅ [Training] BARRACKS → COMPLETED (OCR: 'ah, Sy OY')
[21:53:03] ✅ [Training] BARRACKS: COMPLETED → restart (gather troops)
[21:53:03] ⏳ [Training] Várakozás 4.3 mp
[21:53:08] 🖱️  [Training] PANEL BEZÁRÁS → [497, 562]
[21:53:08] ✅ [Training] Panel bezárva
============================================================
[21:53:08] ℹ️  [Training] ⚔️  BARRACKS TRAINING INDÍTÁS
============================================================
[21:53:08] ⏳ [Training] Várakozás 2.4 mp
[21:53:10] 🖱️  [Training] TROOP GATHER kattintás → [768, 501]
[21:53:10] ✅ [Training] TROOP GATHER OK
[21:53:10] ⏳ [Training] Várakozás 5.0 mp
[21:53:15] 🖱️  [Training] BUILDING kattintás → [749, 477]
[21:53:15] ✅ [Training] BUILDING OK
[21:53:15] ⏳ [Training] Várakozás 2.6 mp
[21:53:18] 🖱️  [Training] BUTTON kattintás → [963, 700]
[21:53:18] ✅ [Training] BUTTON OK
[21:53:18] ⏳ [Training] Várakozás 2.6 mp
[21:53:21] 🖱️  [Training] TIER kattintás → [1068, 254]
[21:53:21] ✅ [Training] TIER OK
[21:53:21] ⏳ [Training] Várakozás 5.5 mp
############################################################
[21:53:25] ⚠️  ⚠️  CTRL+C - Leállítás...
############################################################
[21:53:25] ℹ️  Connection Monitor leállítás...
[21:53:25] ℹ️  Timer Manager leállítás...
[21:53:26] ℹ️  [Timer] Timer Manager leállítva
[21:53:26] ℹ️  Training Manager leállítás...
[21:53:26] ℹ️  Alliance Manager leállítás...
[21:53:26] ℹ️  Anti-AFK Manager leállítás...
[21:53:26] ℹ️  Queue mentése...
[21:53:26] ℹ️  Timer-ek mentése...
[21:53:26] ℹ️  Logger bezárása...
